<?xml version="1.0" encoding="UTF-8"?>
<!-- Generated by org.testng.reporters.JUnitReportReporter -->
<testsuite hostname="KLP2981" failures="0" tests="1" name="com.promotix.testLayer.LoginPageTest" time="53.620" errors="0" timestamp="2024-12-27T16:16:25 IST" skipped="0">
  <testcase classname="com.promotix.testLayer.LoginPageTest" name="verifyLogin" time="53.620"/>
</testsuite> <!-- com.promotix.testLayer.LoginPageTest -->
