<?xml version="1.0" encoding="UTF-8"?>
<!-- Generated by org.testng.reporters.JUnitReportReporter -->
<testsuite hostname="KLP2981" failures="0" tests="1" name="com.promotix.testLayer.createNewEvent" time="20.509" errors="0" timestamp="2024-08-08T13:58:14 IST" skipped="0">
  <testcase classname="com.promotix.testLayer.createNewEvent" name="verifyNewEvent" time="20.509"/>
</testsuite> <!-- com.promotix.testLayer.createNewEvent -->
