<?xml version="1.0" encoding="UTF-8"?>
<!-- Generated by org.testng.reporters.JUnitReportReporter -->
<testsuite hostname="KLP2981" failures="0" tests="1" name="com.promotix.testBase.TestBase" time="35.622" errors="0" timestamp="2024-08-06T13:14:12 IST" skipped="0">
  <testcase classname="com.promotix.testBase.TestBase" name="setUp" time="35.622"/>
</testsuite> <!-- com.promotix.testBase.TestBase -->
